<?xml version="1.0" encoding="UTF-8"?>
<testng-results ignored="0" total="1" passed="1" failed="0" skipped="0">
  <reporter-output>
  </reporter-output>
  <suite started-at="2025-08-28T13:29:18 GMT-04:00" name="DemoSuite" finished-at="2025-08-28T13:29:27 GMT-04:00" duration-ms="9452">
    <groups>
    </groups>
    <test started-at="2025-08-28T13:29:18 GMT-04:00" name="DemoTest" finished-at="2025-08-28T13:29:27 GMT-04:00" duration-ms="9452">
      <class name="seleniumProjects.Demo">
        <test-method is-config="true" signature="launchBrowser()[pri:0, instance:seleniumProjects.Demo@73a1e9a9]" started-at="2025-08-28T13:29:18 GMT-04:00" name="launchBrowser" finished-at="2025-08-28T13:29:20 GMT-04:00" duration-ms="2460" status="PASS">
          <reporter-output>
          </reporter-output>
        </test-method> <!-- launchBrowser -->
        <test-method signature="test()[pri:0, instance:seleniumProjects.Demo@73a1e9a9]" started-at="2025-08-28T13:29:20 GMT-04:00" name="test" finished-at="2025-08-28T13:29:26 GMT-04:00" duration-ms="6402" status="PASS">
          <reporter-output>
          </reporter-output>
        </test-method> <!-- test -->
        <test-method is-config="true" signature="closeBrowser()[pri:0, instance:seleniumProjects.Demo@73a1e9a9]" started-at="2025-08-28T13:29:26 GMT-04:00" name="closeBrowser" finished-at="2025-08-28T13:29:27 GMT-04:00" duration-ms="541" status="PASS">
          <reporter-output>
          </reporter-output>
        </test-method> <!-- closeBrowser -->
      </class> <!-- seleniumProjects.Demo -->
    </test> <!-- DemoTest -->
  </suite> <!-- DemoSuite -->
</testng-results>
